Working on BrC(Br)=O...

BrC(Br)=O can not use TCIT to calculate, the result comes from G4 result
Prediction of Hf_0 for BrC(Br)=O is -114.20460515635591 kJ/mol
Prediction of Hf_298 for BrC(Br)=O is -117.95035463544848 kJ/mol


Working on CCc1ccc(cc1N=C=O)N=C=O...

========================================================================================================================
========================================================================================================================

No more information is needed, begin to calculate enthalpy of fomation of CCc1ccc(cc1N=C=O)N=C=O
Identify rings! Add ring correction to final predictoon
Add ring correction  604821.243268: -27.270309997230225 kcal/mol into final prediction (based on depth=0 ring  602410.368879: -20.50010593 kcal/mol)
Prediction are made based on such group types:
[6[6[1][1][1]][6[6][6]][1][1]]: -4.64376705
[6[6[6][1][1]][6[7][6]][6[6][1]]]: 9.38467464
[6[6[6][6]][6[6][1]][1]]      : 7.05133934
[6[6[7][6]][6[6][1]][1]]      : 7.34103032
[6[6[6][1]][6[6][1]][7[6]]]   : 10.10062131
[6[6[7][6]][6[7][6]][1]]      : 7.42345301
[6[6[6][6]][6[6][1]][7[6]]]   : 10.00362077
[7[6[6][6]][6[8]]]            : 9.63542678
[6[7[6]][8]]                  : -28.2498594
[7[6[6][6]][6[8]]]            : 9.63542678
[6[7[6]][8]]                  : -28.2498594
Prediction of Hf_0 for CCc1ccc(cc1N=C=O)N=C=O is -96.14501857166863 kJ/mol
Prediction of Hf_298 for CCc1ccc(cc1N=C=O)N=C=O is -116.41268795440376 kJ/mol


Prediction of Hf_298 for CCc1ccc(cc1N=C=O)N=C=O in liquid pahse is -177.51268795440376 kJ/mol (HVAP: 61.1 kJ/mol)


Prediction of Hf_298 for CCc1ccc(cc1N=C=O)N=C=O in solid pahse is -228.20801170101595 kJ/mol (HSUB: 111.79532374661218 kJ/mol)


Working on ClC(Cl)(Cl)Cl...

ClC(Cl)(Cl)Cl can not use TCIT to calculate, the result comes from G4 result
Prediction of Hf_0 for ClC(Cl)(Cl)Cl is -96.72066676150389 kJ/mol
Prediction of Hf_298 for ClC(Cl)(Cl)Cl is -98.70620314971173 kJ/mol


Working on CBr...
Prediction of Hf_0 for CBr is -25.613190338317867 kJ/mol
Prediction of Hf_298 for CBr is -34.921841585566895 kJ/mol


Working on o1cccc1...

o1cccc1 can not use TCIT to calculate, the result comes from G4 result

========================================================================================================================
========================================================================================================================

No more information is needed, begin to calculate enthalpy of fomation of o1cccc1
Identify rings! Add ring correction to final predictoon
Add ring correction  501808.876564: -14.642980318619996 kcal/mol into final prediction (based on depth=0 ring  501808.876564: -11.78027628 kcal/mol)
Prediction are made based on such group types:
[8[6[6][1]][6[6][1]]]         : -26.31445505
[6[6[6][1]][8[6]][1]]         : 8.19753059
[6[6[8][1]][6[6][1]][1]]      : 6.73012596
[6[6[8][1]][6[6][1]][1]]      : 6.73012596
[6[6[6][1]][8[6]][1]]         : 8.19753059
Prediction of Hf_0 for o1cccc1 is -26.60842116664249 kJ/mol
Prediction of Hf_298 for o1cccc1 is -46.45122828975005 kJ/mol


Prediction of Hf_298 for o1cccc1 in liquid pahse is -74.29122828975005 kJ/mol (HVAP: 27.84 kJ/mol)


Prediction of Hf_298 for o1cccc1 in solid pahse is -101.02122828975004 kJ/mol (HSUB: 54.57 kJ/mol)


Working on COc1ccc(C=O)cc1...

========================================================================================================================
========================================================================================================================

No more information is needed, begin to calculate enthalpy of fomation of COc1ccc(C=O)cc1
Identify rings! Add ring correction to final predictoon
Add ring correction  603617.736087: -23.181855989127808 kcal/mol into final prediction (based on depth=0 ring  602410.368879: -20.50010593 kcal/mol)
Prediction are made based on such group types:
[8[6[1][1][1]][6[6][6]]]      : -28.2041034
[6[6[6][1]][6[6][1]][8[6]]]   : 8.94531216
[6[6[8][6]][6[6][1]][1]]      : 7.20716966
[6[6[6][6]][6[6][1]][1]]      : 7.05133934
[6[6[8][1]][6[6][1]][6[6][1]]]: 12.27151033
[6[6[6][6]][8][1]]            : -30.70542462
[6[6[6][6]][6[6][1]][1]]      : 7.05133934
[6[6[8][6]][6[6][1]][1]]      : 7.20716966
Prediction of Hf_0 for COc1ccc(C=O)cc1 is -138.0571541082936 kJ/mol
Prediction of Hf_298 for COc1ccc(C=O)cc1 is -177.1615420496883 kJ/mol


Prediction of Hf_298 for COc1ccc(C=O)cc1 in liquid pahse is -237.5615420496883 kJ/mol (HVAP: 60.4 kJ/mol)


Prediction of Hf_298 for COc1ccc(C=O)cc1 in solid pahse is -256.16865457354385 kJ/mol (HSUB: 79.00711252385554 kJ/mol)


Working on C1[C@H]([C@H]1c2ccccc2)c3ccccc3...

========================================================================================================================
========================================================================================================================

No more information is needed, begin to calculate enthalpy of fomation of C1[C@H]([C@H]1c2ccccc2)c3ccccc3
Identify rings! Add ring correction to final predictoon
Add ring correction  304616.878164: 23.545104606710204 kcal/mol into final prediction (based on depth=0 ring  301805.962243: 27.79478751 kcal/mol)
Add ring correction  604016.193169: -22.780480933814697 kcal/mol into final prediction (based on depth=0 ring  602410.368879: -20.50010593 kcal/mol)
Add ring correction  604016.193169: -22.780480933814697 kcal/mol into final prediction (based on depth=0 ring  602410.368879: -20.50010593 kcal/mol)
Prediction are made based on such group types:
[6[6[6][6][1]][6[6][6][1]][1][1]]: -5.04387987
[6[6[6][6][1]][6[6][1][1]][6[6][6]][1]]: -2.60207114
[6[6[6][6][1]][6[6][1][1]][6[6][6]][1]]: -2.60207114
[6[6[6][6][1]][6[6][1]][6[6][1]]]: 11.07582313
[6[6[6][6]][6[6][1]][1]]      : 7.05133934
[6[6[6][1]][6[6][1]][1]]      : 6.74395169
[6[6[6][1]][6[6][1]][1]]      : 6.74395169
[6[6[6][1]][6[6][1]][1]]      : 6.74395169
[6[6[6][6]][6[6][1]][1]]      : 7.05133934
[6[6[6][6][1]][6[6][1]][6[6][1]]]: 11.07582313
[6[6[6][6]][6[6][1]][1]]      : 7.05133934
[6[6[6][1]][6[6][1]][1]]      : 6.74395169
[6[6[6][1]][6[6][1]][1]]      : 6.74395169
[6[6[6][1]][6[6][1]][1]]      : 6.74395169
[6[6[6][6]][6[6][1]][1]]      : 7.05133934
Prediction of Hf_0 for C1[C@H]([C@H]1c2ccccc2)c3ccccc3 is 284.7803935969161 kJ/mol
Prediction of Hf_298 for C1[C@H]([C@H]1c2ccccc2)c3ccccc3 is 245.0015244348712 kJ/mol


Prediction of Hf_298 for C1[C@H]([C@H]1c2ccccc2)c3ccccc3 in liquid pahse is 159.89865249223647 kJ/mol (HVAP: 85.10287194263474 kJ/mol)


Prediction of Hf_298 for C1[C@H]([C@H]1c2ccccc2)c3ccccc3 in solid pahse is 142.73262058205827 kJ/mol (HSUB: 102.26890385281291 kJ/mol)


Working on CC(=C)C=O...

CC(=C)C=O can not use TCIT to calculate, the result comes from G4 result

========================================================================================================================
========================================================================================================================

No more information is needed, begin to calculate enthalpy of fomation of CC(=C)C=O
Prediction are made based on such group types:
[6[6[1][1][1]][6[8][1]][6[1][1]]]: 8.88572492
[6[6[6][6]][8][1]]            : -30.70542462
Prediction of Hf_0 for CC(=C)C=O is -90.78170715379528 kJ/mol
Prediction of Hf_298 for CC(=C)C=O is -107.10377438223308 kJ/mol


Prediction of Hf_298 for CC(=C)C=O in liquid pahse is -139.3037743822331 kJ/mol (HVAP: 32.2 kJ/mol)


Prediction of Hf_298 for CC(=C)C=O in solid pahse is -156.29624690384273 kJ/mol (HSUB: 49.192472521609645 kJ/mol)


Working on CCCCCCCCCCCCCCCC...

========================================================================================================================
========================================================================================================================

No more information is needed, begin to calculate enthalpy of fomation of CCCCCCCCCCCCCCCC
Prediction are made based on such group types:
[6[6[6][1][1]][6[1][1][1]][1][1]]: -4.88375089
[6[6[6][1][1]][6[6][1][1]][1][1]]: -4.94902197
[6[6[6][1][1]][6[6][1][1]][1][1]]: -4.94902197
[6[6[6][1][1]][6[6][1][1]][1][1]]: -4.94902197
[6[6[6][1][1]][6[6][1][1]][1][1]]: -4.94902197
[6[6[6][1][1]][6[6][1][1]][1][1]]: -4.94902197
[6[6[6][1][1]][6[6][1][1]][1][1]]: -4.94902197
[6[6[6][1][1]][6[6][1][1]][1][1]]: -4.94902197
[6[6[6][1][1]][6[6][1][1]][1][1]]: -4.94902197
[6[6[6][1][1]][6[6][1][1]][1][1]]: -4.94902197
[6[6[6][1][1]][6[6][1][1]][1][1]]: -4.94902197
[6[6[6][1][1]][6[6][1][1]][1][1]]: -4.94902197
[6[6[6][1][1]][6[6][1][1]][1][1]]: -4.94902197
[6[6[6][1][1]][6[1][1][1]][1][1]]: -4.88375089
Prediction of Hf_0 for CCCCCCCCCCCCCCCC is -271.55277959549136 kJ/mol
Prediction of Hf_298 for CCCCCCCCCCCCCCCC is -372.90286193652054 kJ/mol


Prediction of Hf_298 for CCCCCCCCCCCCCCCC in liquid pahse is -454.20286193652055 kJ/mol (HVAP: 81.3 kJ/mol)


Prediction of Hf_298 for CCCCCCCCCCCCCCCC in solid pahse is -508.0028619365205 kJ/mol (HSUB: 135.1 kJ/mol)


Working on CC(CCO)CC(C)(C)C...

========================================================================================================================
========================================================================================================================

No more information is needed, begin to calculate enthalpy of fomation of CC(CCO)CC(C)(C)C
Prediction are made based on such group types:
[6[6[6][1][1]][6[6][1][1]][6[1][1][1]][1]]: -1.41783206
[6[6[6][6][1]][6[8][1][1]][1][1]]: -4.60008288
[6[6[6][1][1]][8[1]][1][1]]   : -6.35338075
[8[6[6][1][1]][1]]            : -39.62472172
[6[6[6][6][6]][6[6][6][1]][1][1]]: -2.79568829
[6[6[6][1][1]][6[1][1][1]][6[1][1][1]][6[1][1][1]]]: 0.19369692
Prediction of Hf_0 for CC(CCO)CC(C)(C)C is -334.97952126724846 kJ/mol
Prediction of Hf_298 for CC(CCO)CC(C)(C)C is -395.5487342577174 kJ/mol


Prediction of Hf_298 for CC(CCO)CC(C)(C)C in liquid pahse is -463.44873425771743 kJ/mol (HVAP: 67.9 kJ/mol)


Prediction of Hf_298 for CC(CCO)CC(C)(C)C in solid pahse is -477.1341181133612 kJ/mol (HSUB: 81.5853838556438 kJ/mol)


Working on CC(O)CCO...

CC(O)CCO can not use TCIT to calculate, the result comes from G4 result

========================================================================================================================
========================================================================================================================

No more information is needed, begin to calculate enthalpy of fomation of CC(O)CCO
Prediction are made based on such group types:
[6[6[6][1][1]][6[1][1][1]][8[1]][1]]: -4.46173771
[8[6[6][6][1]][1]]            : -40.68113313
[6[6[8][6][1]][6[8][1][1]][1][1]]: -6.6266826
[6[6[6][1][1]][8[1]][1][1]]   : -6.35338075
[8[6[6][1][1]][1]]            : -39.62472172
Prediction of Hf_0 for CC(O)CCO is -417.81889517417966 kJ/mol
Prediction of Hf_298 for CC(O)CCO is -450.75347024760885 kJ/mol


Prediction of Hf_298 for CC(O)CCO in liquid pahse is -522.7234702476088 kJ/mol (HVAP: 71.97 kJ/mol)


Prediction of Hf_298 for CC(O)CCO in solid pahse is -542.360759836646 kJ/mol (HSUB: 91.60728958903715 kJ/mol)


Working on CC1CCCCN1...

========================================================================================================================
========================================================================================================================

No more information is needed, begin to calculate enthalpy of fomation of CC1CCCCN1
Identify rings! Add ring correction to final predictoon
Add ring correction  604013.952140: -1.5361714401715088 kcal/mol into final prediction (based on depth=0 ring  603411.954415: 0.22958922 kcal/mol)
Prediction are made based on such group types:
[6[6[6][1][1]][6[1][1][1]][7[6][1]][1]]: -2.6406143
[6[6[7][6][1]][6[6][1][1]][1][1]]: -4.54965866
[6[6[6][1][1]][6[6][1][1]][1][1]]: -4.94902197
[6[6[7][1][1]][6[6][1][1]][1][1]]: -4.70010361
[6[6[6][1][1]][7[6][1]][1][1]]: -5.71655504
[7[6[6][6][1]][6[6][1][1]][1]]: 13.96642086
Prediction of Hf_0 for CC1CCCCN1 is -35.3322902607467 kJ/mol
Prediction of Hf_298 for CC1CCCCN1 is -84.14362886359133 kJ/mol


Prediction of Hf_298 for CC1CCCCN1 in liquid pahse is -124.59362886359133 kJ/mol (HVAP: 40.45 kJ/mol)


Prediction of Hf_298 for CC1CCCCN1 in solid pahse is -144.2022409079397 kJ/mol (HSUB: 60.058612044348365 kJ/mol)


Working on N#CSc1ccccc1...

========================================================================================================================
========================================================================================================================

No more information is needed, begin to calculate enthalpy of fomation of N#CSc1ccccc1
Identify rings! Add ring correction to final predictoon
Add ring correction  603216.335708: -21.162470472484284 kcal/mol into final prediction (based on depth=0 ring  602410.368879: -20.50010593 kcal/mol)
Prediction are made based on such group types:
[6[16[6]][7]]                 : 29.24721235
[16[6[6][6]][6[7]]]           : 13.533533
[6[6[6][1]][6[6][1]][16[6]]]  : 9.97867039
[6[6[16][6]][6[6][1]][1]]     : 6.99596568
[6[6[6][1]][6[6][1]][1]]      : 6.74395169
[6[6[6][1]][6[6][1]][1]]      : 6.74395169
[6[6[6][1]][6[6][1]][1]]      : 6.74395169
[6[6[16][6]][6[6][1]][1]]     : 6.99596568
Prediction of Hf_0 for N#CSc1ccccc1 is 287.46687728267415 kJ/mol
Prediction of Hf_298 for N#CSc1ccccc1 is 275.3936373878301 kJ/mol


Prediction of Hf_298 for N#CSc1ccccc1 in liquid pahse is 224.30234453237583 kJ/mol (HVAP: 51.09129285545427 kJ/mol)


Prediction of Hf_298 for N#CSc1ccccc1 in solid pahse is 186.87690408404578 kJ/mol (HSUB: 88.51673330378432 kJ/mol)


Working on CC(C)(C)CC(=O)C(C)(C)C...

========================================================================================================================
========================================================================================================================

No more information is needed, begin to calculate enthalpy of fomation of CC(C)(C)CC(=O)C(C)(C)C
Prediction are made based on such group types:
[6[6[6][1][1]][6[1][1][1]][6[1][1][1]][6[1][1][1]]]: 0.19369692
[6[6[6][6][6]][6[8][6]][1][1]]: -4.1872995
[6[6[6][6][6]][6[6][1][1]][8]]: -30.99196496
[6[6[1][1][1]][6[1][1][1]][6[1][1][1]][6[8][6]]]: 0.67405506
Prediction of Hf_0 for CC(C)(C)CC(=O)C(C)(C)C is -335.13317586169387 kJ/mol
Prediction of Hf_298 for CC(C)(C)CC(=O)C(C)(C)C is -394.2255863032728 kJ/mol


Prediction of Hf_298 for CC(C)(C)CC(=O)C(C)(C)C in liquid pahse is -443.0155863032728 kJ/mol (HVAP: 48.79 kJ/mol)


Prediction of Hf_298 for CC(C)(C)CC(=O)C(C)(C)C in solid pahse is -459.83243078550424 kJ/mol (HSUB: 65.60684448223148 kJ/mol)


